c:\users\q\documents\github\structured-light-calibration\calibration\calibration\x64\debug\vc120.pdb
c:\users\q\documents\github\structured-light-calibration\calibration\calibration\x64\debug\vc120.idb
c:\users\q\documents\github\structured-light-calibration\calibration\calibration\x64\debug\ccalibration.obj
c:\users\q\documents\github\structured-light-calibration\calibration\calibration\x64\debug\ccamera.obj
c:\users\q\documents\github\structured-light-calibration\calibration\calibration\x64\debug\cdecodegray.obj
c:\users\q\documents\github\structured-light-calibration\calibration\calibration\x64\debug\cdecodephase.obj
c:\users\q\documents\github\structured-light-calibration\calibration\calibration\x64\debug\cprojector.obj
c:\users\q\documents\github\structured-light-calibration\calibration\calibration\x64\debug\csensor.obj
c:\users\q\documents\github\structured-light-calibration\calibration\calibration\x64\debug\cstorage.obj
c:\users\q\documents\github\structured-light-calibration\calibration\calibration\x64\debug\cvisualization.obj
c:\users\q\documents\github\structured-light-calibration\calibration\calibration\x64\debug\globalfunction.obj
c:\users\q\documents\github\structured-light-calibration\calibration\calibration\x64\debug\main.obj
c:\users\q\documents\github\structured-light-calibration\calibration\calibration\x64\debug\staticparameters.obj
c:\users\q\documents\github\structured-light-calibration\calibration\x64\debug\calibration.ilk
c:\users\q\documents\github\structured-light-calibration\calibration\x64\debug\calibration.exe
c:\users\q\documents\github\structured-light-calibration\calibration\x64\debug\calibration.pdb
c:\users\q\documents\github\structured-light-calibration\calibration\calibration\x64\debug\calibration.tlog\cl.command.1.tlog
c:\users\q\documents\github\structured-light-calibration\calibration\calibration\x64\debug\calibration.tlog\cl.read.1.tlog
c:\users\q\documents\github\structured-light-calibration\calibration\calibration\x64\debug\calibration.tlog\cl.write.1.tlog
c:\users\q\documents\github\structured-light-calibration\calibration\calibration\x64\debug\calibration.tlog\link.command.1.tlog
c:\users\q\documents\github\structured-light-calibration\calibration\calibration\x64\debug\calibration.tlog\link.read.1.tlog
c:\users\q\documents\github\structured-light-calibration\calibration\calibration\x64\debug\calibration.tlog\link.write.1.tlog
