  StaticParameters.cpp
  main.cpp
c:\programming\opencv\build\include\opencv2\core\mat.hpp(1965): warning C4819: 该文件包含不能在当前代码页(936)中表示的字符。请将该文件保存为 Unicode 格式以防止数据丢失
c:\programming\opencv\build\include\opencv2\core\persistence.hpp : warning C4819: 该文件包含不能在当前代码页(936)中表示的字符。请将该文件保存为 Unicode 格式以防止数据丢失
c:\programming\opencv\build\include\opencv2\core\utility.hpp : warning C4819: 该文件包含不能在当前代码页(936)中表示的字符。请将该文件保存为 Unicode 格式以防止数据丢失
c:\programming\opencv\build\include\opencv2\core\utility.hpp : warning C4819: 该文件包含不能在当前代码页(936)中表示的字符。请将该文件保存为 Unicode 格式以防止数据丢失
  GlobalFunction.cpp
  CVisualization.cpp
c:\programming\opencv\build\include\opencv2\core\mat.hpp(1965): warning C4819: 该文件包含不能在当前代码页(936)中表示的字符。请将该文件保存为 Unicode 格式以防止数据丢失
c:\programming\opencv\build\include\opencv2\core\persistence.hpp : warning C4819: 该文件包含不能在当前代码页(936)中表示的字符。请将该文件保存为 Unicode 格式以防止数据丢失
c:\programming\opencv\build\include\opencv2\core\utility.hpp : warning C4819: 该文件包含不能在当前代码页(936)中表示的字符。请将该文件保存为 Unicode 格式以防止数据丢失
c:\programming\opencv\build\include\opencv2\core\utility.hpp : warning C4819: 该文件包含不能在当前代码页(936)中表示的字符。请将该文件保存为 Unicode 格式以防止数据丢失
e:\github\structured-light-calibration\calibration\calibration\cvisualization.cpp(17): warning C4244: “参数”: 从“double”转换到“int”，可能丢失数据
e:\github\structured-light-calibration\calibration\calibration\cvisualization.cpp(59): warning C4244: “=”: 从“double”转换到“int”，可能丢失数据
e:\github\structured-light-calibration\calibration\calibration\cvisualization.cpp(84): warning C4244: “=”: 从“double”转换到“uchar”，可能丢失数据
  CStorage.cpp
c:\programming\opencv\build\include\opencv2\core\mat.hpp(1965): warning C4819: 该文件包含不能在当前代码页(936)中表示的字符。请将该文件保存为 Unicode 格式以防止数据丢失
c:\programming\opencv\build\include\opencv2\core\persistence.hpp : warning C4819: 该文件包含不能在当前代码页(936)中表示的字符。请将该文件保存为 Unicode 格式以防止数据丢失
c:\programming\opencv\build\include\opencv2\core\utility.hpp : warning C4819: 该文件包含不能在当前代码页(936)中表示的字符。请将该文件保存为 Unicode 格式以防止数据丢失
c:\programming\opencv\build\include\opencv2\core\utility.hpp : warning C4819: 该文件包含不能在当前代码页(936)中表示的字符。请将该文件保存为 Unicode 格式以防止数据丢失
  CSensor.cpp
c:\programming\opencv\build\include\opencv2\core\mat.hpp(1965): warning C4819: 该文件包含不能在当前代码页(936)中表示的字符。请将该文件保存为 Unicode 格式以防止数据丢失
c:\programming\opencv\build\include\opencv2\core\persistence.hpp : warning C4819: 该文件包含不能在当前代码页(936)中表示的字符。请将该文件保存为 Unicode 格式以防止数据丢失
c:\programming\opencv\build\include\opencv2\core\utility.hpp : warning C4819: 该文件包含不能在当前代码页(936)中表示的字符。请将该文件保存为 Unicode 格式以防止数据丢失
c:\programming\opencv\build\include\opencv2\core\utility.hpp : warning C4819: 该文件包含不能在当前代码页(936)中表示的字符。请将该文件保存为 Unicode 格式以防止数据丢失
  CProjector.cpp
c:\programming\opencv\build\include\opencv2\core\mat.hpp(1965): warning C4819: 该文件包含不能在当前代码页(936)中表示的字符。请将该文件保存为 Unicode 格式以防止数据丢失
c:\programming\opencv\build\include\opencv2\core\persistence.hpp : warning C4819: 该文件包含不能在当前代码页(936)中表示的字符。请将该文件保存为 Unicode 格式以防止数据丢失
c:\programming\opencv\build\include\opencv2\core\utility.hpp : warning C4819: 该文件包含不能在当前代码页(936)中表示的字符。请将该文件保存为 Unicode 格式以防止数据丢失
c:\programming\opencv\build\include\opencv2\core\utility.hpp : warning C4819: 该文件包含不能在当前代码页(936)中表示的字符。请将该文件保存为 Unicode 格式以防止数据丢失
  CDecodePhase.cpp
c:\programming\opencv\build\include\opencv2\core\mat.hpp(1965): warning C4819: 该文件包含不能在当前代码页(936)中表示的字符。请将该文件保存为 Unicode 格式以防止数据丢失
c:\programming\opencv\build\include\opencv2\core\persistence.hpp : warning C4819: 该文件包含不能在当前代码页(936)中表示的字符。请将该文件保存为 Unicode 格式以防止数据丢失
c:\programming\opencv\build\include\opencv2\core\utility.hpp : warning C4819: 该文件包含不能在当前代码页(936)中表示的字符。请将该文件保存为 Unicode 格式以防止数据丢失
c:\programming\opencv\build\include\opencv2\core\utility.hpp : warning C4819: 该文件包含不能在当前代码页(936)中表示的字符。请将该文件保存为 Unicode 格式以防止数据丢失
e:\github\structured-light-calibration\calibration\calibration\cdecodephase.cpp(69): warning C4244: “初始化”: 从“double”转换到“float”，可能丢失数据
  CDecodeGray.cpp
c:\programming\opencv\build\include\opencv2\core\mat.hpp(1965): warning C4819: 该文件包含不能在当前代码页(936)中表示的字符。请将该文件保存为 Unicode 格式以防止数据丢失
c:\programming\opencv\build\include\opencv2\core\persistence.hpp : warning C4819: 该文件包含不能在当前代码页(936)中表示的字符。请将该文件保存为 Unicode 格式以防止数据丢失
c:\programming\opencv\build\include\opencv2\core\utility.hpp : warning C4819: 该文件包含不能在当前代码页(936)中表示的字符。请将该文件保存为 Unicode 格式以防止数据丢失
c:\programming\opencv\build\include\opencv2\core\utility.hpp : warning C4819: 该文件包含不能在当前代码页(936)中表示的字符。请将该文件保存为 Unicode 格式以防止数据丢失
  CCamera.cpp
c:\programming\opencv\build\include\opencv2\core\mat.hpp(1965): warning C4819: 该文件包含不能在当前代码页(936)中表示的字符。请将该文件保存为 Unicode 格式以防止数据丢失
c:\programming\opencv\build\include\opencv2\core\persistence.hpp : warning C4819: 该文件包含不能在当前代码页(936)中表示的字符。请将该文件保存为 Unicode 格式以防止数据丢失
c:\programming\opencv\build\include\opencv2\core\utility.hpp : warning C4819: 该文件包含不能在当前代码页(936)中表示的字符。请将该文件保存为 Unicode 格式以防止数据丢失
c:\programming\opencv\build\include\opencv2\core\utility.hpp : warning C4819: 该文件包含不能在当前代码页(936)中表示的字符。请将该文件保存为 Unicode 格式以防止数据丢失
  CCalibration.cpp
c:\programming\opencv\build\include\opencv2\core\mat.hpp(1965): warning C4819: 该文件包含不能在当前代码页(936)中表示的字符。请将该文件保存为 Unicode 格式以防止数据丢失
c:\programming\opencv\build\include\opencv2\core\persistence.hpp : warning C4819: 该文件包含不能在当前代码页(936)中表示的字符。请将该文件保存为 Unicode 格式以防止数据丢失
c:\programming\opencv\build\include\opencv2\core\utility.hpp : warning C4819: 该文件包含不能在当前代码页(936)中表示的字符。请将该文件保存为 Unicode 格式以防止数据丢失
c:\programming\opencv\build\include\opencv2\core\utility.hpp : warning C4819: 该文件包含不能在当前代码页(936)中表示的字符。请将该文件保存为 Unicode 格式以防止数据丢失
e:\github\structured-light-calibration\calibration\calibration\ccalibration.cpp(198): error C2664: “double cv::stereoCalibrate(cv::InputArrayOfArrays,cv::InputArrayOfArrays,cv::InputArrayOfArrays,cv::InputOutputArray,cv::InputOutputArray,cv::InputOutputArray,cv::InputOutputArray,cv::Size,cv::OutputArray,cv::OutputArray,cv::OutputArray,cv::OutputArray,int,cv::TermCriteria)”: 无法将参数 13 从“cv::TermCriteria”转换为“int”
  e:\github\structured-light-calibration\calibration\calibration\ccalibration.cpp(198): note: 没有可用于执行该转换的用户定义的转换运算符，或者无法调用该运算符
e:\github\structured-light-calibration\calibration\calibration\ccalibration.cpp(237): warning C4244: “参数”: 从“int”转换到“float”，可能丢失数据
e:\github\structured-light-calibration\calibration\calibration\ccalibration.cpp(270): warning C4800: “int”: 将值强制为布尔值“true”或“false”(性能警告)
e:\github\structured-light-calibration\calibration\calibration\ccalibration.cpp(471): warning C4244: “初始化”: 从“float”转换到“int”，可能丢失数据
e:\github\structured-light-calibration\calibration\calibration\ccalibration.cpp(472): warning C4244: “初始化”: 从“float”转换到“int”，可能丢失数据
e:\github\structured-light-calibration\calibration\calibration\ccalibration.cpp(473): warning C4244: “=”: 从“double”转换到“float”，可能丢失数据
e:\github\structured-light-calibration\calibration\calibration\ccalibration.cpp(474): warning C4244: “=”: 从“double”转换到“float”，可能丢失数据
e:\github\structured-light-calibration\calibration\calibration\ccalibration.cpp(514): error C2039: “write”: 不是“cv::FileStorage”的成员
  c:\programming\opencv\build\include\opencv2\core\persistence.hpp(299): note: 参见“cv::FileStorage”的声明
e:\github\structured-light-calibration\calibration\calibration\ccalibration.cpp(517): error C2039: “write”: 不是“cv::FileStorage”的成员
  c:\programming\opencv\build\include\opencv2\core\persistence.hpp(299): note: 参见“cv::FileStorage”的声明
  正在生成代码...
